c:\users\kindo\desktop\sphincs+ 논문 준비\nist_pqc_sphincsp_throughput-main\security_level_1\security_level_1\x64\release\vc142.pdb
c:\users\kindo\desktop\sphincs+ 논문 준비\nist_pqc_sphincsp_throughput-main\security_level_1\security_level_1\x64\release\cpu.obj
x64\release\kernel.cu.obj
c:\users\kindo\desktop\sphincs+ 논문 준비\nist_pqc_sphincsp_throughput-main\security_level_1\x64\release\security_level_1.exe
c:\users\kindo\desktop\sphincs+ 논문 준비\nist_pqc_sphincsp_throughput-main\security_level_1\security_level_1\x64\release\security_level_1.iobj
c:\users\kindo\desktop\sphincs+ 논문 준비\nist_pqc_sphincsp_throughput-main\security_level_1\x64\release\security_level_1.pdb
c:\users\kindo\desktop\sphincs+ 논문 준비\nist_pqc_sphincsp_throughput-main\security_level_1\x64\release\security_level_1.lib
c:\users\kindo\desktop\sphincs+ 논문 준비\nist_pqc_sphincsp_throughput-main\security_level_1\x64\release\security_level_1.exp
c:\users\kindo\desktop\sphincs+ 논문 준비\nist_pqc_sphincsp_throughput-main\security_level_1\security_level_1\x64\release\kernel.cu.cache
c:\users\kindo\desktop\sphincs+ 논문 준비\nist_pqc_sphincsp_throughput-main\security_level_1\security_level_1\x64\release\kernel.cu.obj
c:\users\kindo\desktop\sphincs+ 논문 준비\nist_pqc_sphincsp_throughput-main\security_level_1\security_level_1\x64\release\security_level_1.ipdb
c:\users\kindo\desktop\sphincs+ 논문 준비\nist_pqc_sphincsp_throughput-main\security_level_1\security_level_1\x64\release\security_level_1.tlog\cl.command.1.tlog
c:\users\kindo\desktop\sphincs+ 논문 준비\nist_pqc_sphincsp_throughput-main\security_level_1\security_level_1\x64\release\security_level_1.tlog\cl.read.1.tlog
c:\users\kindo\desktop\sphincs+ 논문 준비\nist_pqc_sphincsp_throughput-main\security_level_1\security_level_1\x64\release\security_level_1.tlog\cl.write.1.tlog
c:\users\kindo\desktop\sphincs+ 논문 준비\nist_pqc_sphincsp_throughput-main\security_level_1\security_level_1\x64\release\security_level_1.tlog\cudacompile.read.1u.tlog
c:\users\kindo\desktop\sphincs+ 논문 준비\nist_pqc_sphincsp_throughput-main\security_level_1\security_level_1\x64\release\security_level_1.tlog\cudacompile.write.1u.tlog
c:\users\kindo\desktop\sphincs+ 논문 준비\nist_pqc_sphincsp_throughput-main\security_level_1\security_level_1\x64\release\security_level_1.tlog\link.command.1.tlog
c:\users\kindo\desktop\sphincs+ 논문 준비\nist_pqc_sphincsp_throughput-main\security_level_1\security_level_1\x64\release\security_level_1.tlog\link.read.1.tlog
c:\users\kindo\desktop\sphincs+ 논문 준비\nist_pqc_sphincsp_throughput-main\security_level_1\security_level_1\x64\release\security_level_1.tlog\link.write.1.tlog
c:\users\kindo\desktop\sphincs+ 논문 준비\nist_pqc_sphincsp_throughput-main\security_level_1\security_level_1\x64\release\security_level_1.tlog\security_level_1.write.1u.tlog
